<?xml version="1.0" encoding="UTF-8"?>
<robot generator="Robot 3.2.2 (Python 3.7.3 on win32)" generated="20210402 13:08:56.161" rpa="true">
<suite id="s1" name="Excel - ReadWrite" source="C:\Users\theeradach_s\Desktop\python\ROBOT_FRAMEWORK\Excel - ReadWrite">
<suite id="s1-s1" name="Excel" source="C:\Users\theeradach_s\Desktop\python\ROBOT_FRAMEWORK\Excel - ReadWrite\excel.robot">
<test id="s1-s1-t1" name="Check Correct Excel Doc">
<kw name="Create Excel Document" library="ExcelLibrary">
<doc>Creates new excel document.</doc>
<arguments>
<arg>${path_name}</arg>
</arguments>
<assign>
<var>${document}</var>
</assign>
<msg timestamp="20210402 13:08:58.279" level="INFO">${document} = C:/Users/theeradach_s/Desktop/python/ROBOT_FRAMEWORK/Excel - ReadWrite/Test Files/test_budget_import.xlsx</msg>
<status status="PASS" starttime="20210402 13:08:58.276" endtime="20210402 13:08:58.279"></status>
</kw>
<kw name="Should Be Equal As Strings" library="BuiltIn">
<doc>Fails if objects are unequal after converting them to strings.</doc>
<arguments>
<arg>${path_name}</arg>
<arg>${document}</arg>
</arguments>
<status status="PASS" starttime="20210402 13:08:58.280" endtime="20210402 13:08:58.281"></status>
</kw>
<kw name="Close All Excel Documents" library="ExcelLibrary">
<doc>Closes all opened documents.</doc>
<status status="PASS" starttime="20210402 13:08:58.281" endtime="20210402 13:08:58.281"></status>
</kw>
<status status="PASS" starttime="20210402 13:08:58.274" endtime="20210402 13:08:58.282" critical="yes"></status>
</test>
<test id="s1-s1-t2" name="Read Excel File">
<kw name="Open Excel Document" library="ExcelLibrary">
<doc>Opens xlsx document file.</doc>
<arguments>
<arg>${path_name}</arg>
<arg>doc_id=docid</arg>
</arguments>
<status status="PASS" starttime="20210402 13:08:58.284" endtime="20210402 13:08:58.300"></status>
</kw>
<kw name="Read Excel Row" library="ExcelLibrary">
<doc>Returns content of a row from the current sheet of the document.</doc>
<arguments>
<arg>row_num=5</arg>
<arg>max_num=3</arg>
</arguments>
<assign>
<var>${rd}</var>
</assign>
<msg timestamp="20210402 13:08:58.301" level="INFO">${rd} = [None, '12月', '1月']</msg>
<status status="PASS" starttime="20210402 13:08:58.301" endtime="20210402 13:08:58.301"></status>
</kw>
<kw name="Log" library="BuiltIn">
<doc>Logs the given message with the given level.</doc>
<arguments>
<arg>${rd}</arg>
</arguments>
<msg timestamp="20210402 13:08:58.302" level="INFO">[None, '12月', '1月']</msg>
<status status="PASS" starttime="20210402 13:08:58.301" endtime="20210402 13:08:58.302"></status>
</kw>
<kw name="Read Excel Column" library="ExcelLibrary">
<doc>Returns content of a column from the current sheet of the document.</doc>
<arguments>
<arg>col_num=2</arg>
<arg>max_num=3</arg>
</arguments>
<assign>
<var>${cd}</var>
</assign>
<msg timestamp="20210402 13:08:58.302" level="INFO">${cd} = [None, '関西', '26期']</msg>
<status status="PASS" starttime="20210402 13:08:58.302" endtime="20210402 13:08:58.302"></status>
</kw>
<kw name="Log" library="BuiltIn">
<doc>Logs the given message with the given level.</doc>
<arguments>
<arg>${cd}</arg>
</arguments>
<msg timestamp="20210402 13:08:58.303" level="INFO">[None, '関西', '26期']</msg>
<status status="PASS" starttime="20210402 13:08:58.303" endtime="20210402 13:08:58.303"></status>
</kw>
<kw name="Create List" library="BuiltIn">
<doc>Returns a list containing given items.</doc>
<arguments>
<arg>${None}</arg>
<arg>12月</arg>
<arg>1月</arg>
</arguments>
<assign>
<var>${row_data}</var>
</assign>
<msg timestamp="20210402 13:08:58.304" level="INFO">${row_data} = [None, '12月', '1月']</msg>
<status status="PASS" starttime="20210402 13:08:58.303" endtime="20210402 13:08:58.304"></status>
</kw>
<kw name="Create List" library="BuiltIn">
<doc>Returns a list containing given items.</doc>
<arguments>
<arg>${None}</arg>
<arg>関西</arg>
<arg>26期</arg>
</arguments>
<assign>
<var>${col_data}</var>
</assign>
<msg timestamp="20210402 13:08:58.304" level="INFO">${col_data} = [None, '関西', '26期']</msg>
<status status="PASS" starttime="20210402 13:08:58.304" endtime="20210402 13:08:58.304"></status>
</kw>
<kw name="Lists Should Be Equal" library="Collections">
<doc>Fails if given lists are unequal.</doc>
<arguments>
<arg>${row_data}</arg>
<arg>${rd}</arg>
</arguments>
<status status="PASS" starttime="20210402 13:08:58.305" endtime="20210402 13:08:58.306"></status>
</kw>
<kw name="Lists Should Be Equal" library="Collections">
<doc>Fails if given lists are unequal.</doc>
<arguments>
<arg>${col_data}</arg>
<arg>${cd}</arg>
</arguments>
<status status="PASS" starttime="20210402 13:08:58.306" endtime="20210402 13:08:58.307"></status>
</kw>
<kw name="Close All Excel Documents" library="ExcelLibrary">
<doc>Closes all opened documents.</doc>
<status status="PASS" starttime="20210402 13:08:58.307" endtime="20210402 13:08:58.307"></status>
</kw>
<status status="PASS" starttime="20210402 13:08:58.283" endtime="20210402 13:08:58.308" critical="yes"></status>
</test>
<test id="s1-s1-t3" name="Write Excel File">
<kw name="Create Excel Document" library="ExcelLibrary">
<doc>Creates new excel document.</doc>
<arguments>
<arg>doc_id=docname1</arg>
</arguments>
<status status="PASS" starttime="20210402 13:08:58.310" endtime="20210402 13:08:58.311"></status>
</kw>
<kw name="Create List" library="BuiltIn">
<doc>Returns a list containing given items.</doc>
<arguments>
<arg>a1</arg>
<arg>a2</arg>
<arg>a3</arg>
</arguments>
<assign>
<var>${col_data}</var>
</assign>
<msg timestamp="20210402 13:08:58.313" level="INFO">${col_data} = ['a1', 'a2', 'a3']</msg>
<status status="PASS" starttime="20210402 13:08:58.312" endtime="20210402 13:08:58.313"></status>
</kw>
<kw name="Write Excel Column" library="ExcelLibrary">
<doc>Writes the data to a column.</doc>
<arguments>
<arg>col_num=3</arg>
<arg>col_data=${col_data}</arg>
</arguments>
<status status="PASS" starttime="20210402 13:08:58.313" endtime="20210402 13:08:58.314"></status>
</kw>
<kw name="Create Directory" library="OperatingSystem">
<doc>Creates the specified directory.</doc>
<arguments>
<arg>Exported</arg>
</arguments>
<msg timestamp="20210402 13:08:58.315" level="INFO" html="yes">Directory '&lt;a href="file://C:\Users\theeradach_s\Desktop\python\ROBOT_FRAMEWORK\Excel - ReadWrite\Exported"&gt;C:\Users\theeradach_s\Desktop\python\ROBOT_FRAMEWORK\Excel - ReadWrite\Exported&lt;/a&gt;' already exists.</msg>
<status status="PASS" starttime="20210402 13:08:58.314" endtime="20210402 13:08:58.315"></status>
</kw>
<kw name="Save Excel Document" library="ExcelLibrary">
<doc>Saves the current document to disk.</doc>
<arguments>
<arg>filename=Exported/file.xlsx</arg>
</arguments>
<status status="PASS" starttime="20210402 13:08:58.315" endtime="20210402 13:08:58.331"></status>
</kw>
<kw name="Close All Excel Documents" library="ExcelLibrary">
<doc>Closes all opened documents.</doc>
<status status="PASS" starttime="20210402 13:08:58.332" endtime="20210402 13:08:58.333"></status>
</kw>
<status status="PASS" starttime="20210402 13:08:58.309" endtime="20210402 13:08:58.334" critical="yes"></status>
</test>
<test id="s1-s1-t4" name="Write Existed File">
<kw name="Open Excel Document" library="ExcelLibrary">
<doc>Opens xlsx document file.</doc>
<arguments>
<arg>${path_name}</arg>
<arg>doc_id=docid</arg>
</arguments>
<status status="PASS" starttime="20210402 13:08:58.337" endtime="20210402 13:08:58.356"></status>
</kw>
<kw name="Write Excel Cell" library="ExcelLibrary">
<doc>Writes value to the cell.</doc>
<arguments>
<arg>col_num=4</arg>
<arg>row_num=1</arg>
<arg>value=Theeradach Subsin</arg>
</arguments>
<status status="PASS" starttime="20210402 13:08:58.368" endtime="20210402 13:08:58.370"></status>
</kw>
<kw name="Read Excel Cell" library="ExcelLibrary">
<doc>Returns content of a cell.</doc>
<arguments>
<arg>col_num=4</arg>
<arg>row_num=1</arg>
</arguments>
<assign>
<var>${rc}</var>
</assign>
<msg timestamp="20210402 13:08:58.371" level="INFO">${rc} = Theeradach Subsin</msg>
<status status="PASS" starttime="20210402 13:08:58.370" endtime="20210402 13:08:58.371"></status>
</kw>
<kw name="Should Be Equal As Strings" library="BuiltIn">
<doc>Fails if objects are unequal after converting them to strings.</doc>
<arguments>
<arg>${rc}</arg>
<arg>Theeradach Subsin</arg>
</arguments>
<status status="PASS" starttime="20210402 13:08:58.371" endtime="20210402 13:08:58.372"></status>
</kw>
<kw name="Save Excel Document" library="ExcelLibrary">
<doc>Saves the current document to disk.</doc>
<arguments>
<arg>filename=Exported/file2.xlsx</arg>
</arguments>
<status status="PASS" starttime="20210402 13:08:58.373" endtime="20210402 13:08:58.398"></status>
</kw>
<kw name="Close All Excel Documents" library="ExcelLibrary">
<doc>Closes all opened documents.</doc>
<status status="PASS" starttime="20210402 13:08:58.398" endtime="20210402 13:08:58.399"></status>
</kw>
<status status="PASS" starttime="20210402 13:08:58.336" endtime="20210402 13:08:58.399" critical="yes"></status>
</test>
<status status="PASS" starttime="20210402 13:08:56.215" endtime="20210402 13:08:58.401"></status>
</suite>
<status status="PASS" starttime="20210402 13:08:56.165" endtime="20210402 13:08:58.404"></status>
</suite>
<statistics>
<total>
<stat pass="4" fail="0">Critical Tasks</stat>
<stat pass="4" fail="0">All Tasks</stat>
</total>
<tag>
</tag>
<suite>
<stat pass="4" fail="0" id="s1" name="Excel - ReadWrite">Excel - ReadWrite</stat>
<stat pass="4" fail="0" id="s1-s1" name="Excel">Excel - ReadWrite.Excel</stat>
</suite>
</statistics>
<errors>
</errors>
</robot>
